localhost/:27 Refused to load the stylesheet 'https://localhost:3000/css/main.css' because it violates the following Content Security Policy directive: "style-src self". Note that 'style-src-elem' was not explicitly set, so 'style-src' is used as a fallback.

localhost/:29 Refused to load the image 'https://localhost:3000/assets/icons/icon.svg' because it violates the following Content Security Policy directive: "img-src self data:".

localhost/:30 Refused to load the image 'https://localhost:3000/assets/icons/icon-android-chrome.png' because it violates the following Content Security Policy directive: "img-src self data:".

localhost/:1 Refused to load the script 'https://localhost:3000/js/main/login.js' because it violates the following Content Security Policy directive: "script-src self https://api.haveibeenpwned.com". Note that 'script-src-elem' was not explicitly set, so 'script-src' is used as a fallback.

localhost/:1 [DOM] Found 2 elements with non-unique id #login-box-user-username-input: (More info: https://goo.gl/9p2vKq) <input id=​"login-box-user-username-input" type=​"text">​ <input id=​"login-box-user-username-input" type=​"password">​
report-violation:1 
        
        
       Failed to load resource: the server responded with a status of 404 (Not Found)
localhost/:1 Refused to load the image 'https://localhost:3000/assets/icons/icon-android-chrome.png' because it violates the following Content Security Policy directive: "img-src self data:".

localhost/:1 Refused to load the image 'https://localhost:3000/assets/icons/icon.svg' because it violates the following Content Security Policy directive: "img-src self data:".

report-violation:1 
        
        
       Failed to load resource: the server responded with a status of 404 (Not Found)
report-violation:1 
        
        
       Failed to load resource: the server responded with a status of 404 (Not Found)
report-violation:1 
        
        
       Failed to load resource: the server responded with a status of 404 (Not Found)
report-violation:1 
        
        
       Failed to load resource: the server responded with a status of 404 (Not Found)
report-violation:1 
        
        
       Failed to load resource: the server responded with a status of 404 (Not Found)
localhost/:1 Refused to load the stylesheet 'https://localhost:3000/css/main.css' because it violates the following Content Security Policy directive: "style-src self". Note that 'style-src-elem' was not explicitly set, so 'style-src' is used as a fallback.

report-violation:1 
        
        
       POST https://localhost:3000/report-violation 404 (Not Found)
