2024-08-20 21:20:40, info: Executing (default): SELECT 1+1 AS result
2024-08-20 21:20:40, info: Executing (default): SELECT 1+1 AS result
2024-08-20 21:20:40, info: Executing (default): SELECT 1+1 AS result
2024-08-20 21:20:40, info: Connection has been established successfully.
2024-08-20 21:20:40, info: Executing (default): SELECT table_name FROM information_schema.tables WHERE table_schema = 'public' AND table_name = 'Users'
2024-08-20 21:20:40, info: Connection has been established successfully.
2024-08-20 21:20:40, info: Connection has been established successfully.
2024-08-20 21:20:40, info: Executing (default): SELECT i.relname AS name, ix.indisprimary AS primary, ix.indisunique AS unique, ix.indkey AS indkey, array_agg(a.attnum) as column_indexes, array_agg(a.attname) AS column_names, pg_get_indexdef(ix.indexrelid) AS definition FROM pg_class t, pg_class i, pg_index ix, pg_attribute a WHERE t.oid = ix.indrelid AND i.oid = ix.indexrelid AND a.attrelid = t.oid AND t.relkind = 'r' and t.relname = 'Users' GROUP BY i.relname, ix.indexrelid, ix.indisprimary, ix.indisunique, ix.indkey ORDER BY i.relname;
2024-08-20 21:20:40, info: Executing (default): SELECT table_name FROM information_schema.tables WHERE table_schema = 'public' AND table_name = 'UserMfas'
2024-08-20 21:20:40, info: Executing (default): SELECT table_name FROM information_schema.tables WHERE table_schema = 'public' AND table_name = 'Users'
2024-08-20 21:20:40, info: Blacklist and range_check module loaded successfully.
2024-08-20 21:20:40, info: Test routes loaded
2024-08-20 21:20:40, info: Executing (default): CREATE TABLE IF NOT EXISTS "UserMfas" ("id" UUID NOT NULL UNIQUE  REFERENCES "Users" ("id"), "userid" UUID NOT NULL UNIQUE REFERENCES "Users" ("userid"), "isMfaEnabled" BOOLEAN NOT NULL DEFAULT false REFERENCES "Users" ("isMfaEnabled"), "backupCodes" VARCHAR(255)[] DEFAULT NULL, "isEmail2faEnabled" BOOLEAN NOT NULL DEFAULT false, "isTotpl2faEnabled" BOOLEAN NOT NULL DEFAULT false, "isYubicoOtp2faEnabled" BOOLEAN NOT NULL DEFAULT false, "isU2f2faEnabled" BOOLEAN NOT NULL DEFAULT false, "isPasskeyEnabled" BOOLEAN NOT NULL DEFAULT false, "totpSecret" VARCHAR(255) DEFAULT NULL UNIQUE, "yubicoOtpPublicId" VARCHAR(255) DEFAULT NULL UNIQUE, "yubicoOtpSecretKey" VARCHAR(255) DEFAULT NULL UNIQUE, "fido2CredentialId" VARCHAR(255) DEFAULT NULL UNIQUE, "fido2PublicKey" TEXT DEFAULT NULL, "fido2Counter" INTEGER DEFAULT NULL, "fido2AttestationFormat" VARCHAR(255) DEFAULT NULL, "passkeyCredentialId" VARCHAR(255) DEFAULT NULL UNIQUE, "passkeyPublicKey" TEXT DEFAULT NULL UNIQUE, "passkeyCounter" INTEGER DEFAULT NULL, "passkeyAttestationFormat" VARCHAR(255) DEFAULT NULL, "createdAt" TIMESTAMP WITH TIME ZONE NOT NULL, "updatedAt" TIMESTAMP WITH TIME ZONE NOT NULL, PRIMARY KEY ("id"));
2024-08-20 21:20:40, info: Executing (default): SELECT i.relname AS name, ix.indisprimary AS primary, ix.indisunique AS unique, ix.indkey AS indkey, array_agg(a.attnum) as column_indexes, array_agg(a.attname) AS column_names, pg_get_indexdef(ix.indexrelid) AS definition FROM pg_class t, pg_class i, pg_index ix, pg_attribute a WHERE t.oid = ix.indrelid AND i.oid = ix.indexrelid AND a.attrelid = t.oid AND t.relkind = 'r' and t.relname = 'Users' GROUP BY i.relname, ix.indexrelid, ix.indisprimary, ix.indisunique, ix.indkey ORDER BY i.relname;
2024-08-20 21:20:40, info: Executing (default): SELECT table_name FROM information_schema.tables WHERE table_schema = 'public' AND table_name = 'UserMfas'
2024-08-20 21:20:40, info: Executing (default): CREATE TABLE IF NOT EXISTS "UserMfas" ("id" UUID NOT NULL UNIQUE  REFERENCES "Users" ("id"), "userid" UUID NOT NULL UNIQUE REFERENCES "Users" ("userid"), "isMfaEnabled" BOOLEAN NOT NULL DEFAULT false REFERENCES "Users" ("isMfaEnabled"), "backupCodes" VARCHAR(255)[] DEFAULT NULL, "isEmail2faEnabled" BOOLEAN NOT NULL DEFAULT false, "isTotpl2faEnabled" BOOLEAN NOT NULL DEFAULT false, "isYubicoOtp2faEnabled" BOOLEAN NOT NULL DEFAULT false, "isU2f2faEnabled" BOOLEAN NOT NULL DEFAULT false, "isPasskeyEnabled" BOOLEAN NOT NULL DEFAULT false, "totpSecret" VARCHAR(255) DEFAULT NULL UNIQUE, "yubicoOtpPublicId" VARCHAR(255) DEFAULT NULL UNIQUE, "yubicoOtpSecretKey" VARCHAR(255) DEFAULT NULL UNIQUE, "fido2CredentialId" VARCHAR(255) DEFAULT NULL UNIQUE, "fido2PublicKey" TEXT DEFAULT NULL, "fido2Counter" INTEGER DEFAULT NULL, "fido2AttestationFormat" VARCHAR(255) DEFAULT NULL, "passkeyCredentialId" VARCHAR(255) DEFAULT NULL UNIQUE, "passkeyPublicKey" TEXT DEFAULT NULL UNIQUE, "passkeyCounter" INTEGER DEFAULT NULL, "passkeyAttestationFormat" VARCHAR(255) DEFAULT NULL, "createdAt" TIMESTAMP WITH TIME ZONE NOT NULL, "updatedAt" TIMESTAMP WITH TIME ZONE NOT NULL, PRIMARY KEY ("id"));
2024-08-20 21:21:47, info: Executing (default): SELECT 1+1 AS result
2024-08-20 21:21:47, info: Executing (default): SELECT 1+1 AS result
2024-08-20 21:21:47, info: Connection has been established successfully.
2024-08-20 21:21:47, info: Connection has been established successfully.
2024-08-20 21:21:47, info: Executing (default): SELECT 1+1 AS result
2024-08-20 21:21:47, info: Connection has been established successfully.
2024-08-20 21:21:47, info: Executing (default): SELECT table_name FROM information_schema.tables WHERE table_schema = 'public' AND table_name = 'Users'
2024-08-20 21:21:47, info: Executing (default): SELECT i.relname AS name, ix.indisprimary AS primary, ix.indisunique AS unique, ix.indkey AS indkey, array_agg(a.attnum) as column_indexes, array_agg(a.attname) AS column_names, pg_get_indexdef(ix.indexrelid) AS definition FROM pg_class t, pg_class i, pg_index ix, pg_attribute a WHERE t.oid = ix.indrelid AND i.oid = ix.indexrelid AND a.attrelid = t.oid AND t.relkind = 'r' and t.relname = 'Users' GROUP BY i.relname, ix.indexrelid, ix.indisprimary, ix.indisunique, ix.indkey ORDER BY i.relname;
2024-08-20 21:21:47, info: Executing (default): SELECT table_name FROM information_schema.tables WHERE table_schema = 'public' AND table_name = 'UserMfas'
2024-08-20 21:21:47, info: Executing (default): SELECT table_name FROM information_schema.tables WHERE table_schema = 'public' AND table_name = 'Users'
2024-08-20 21:21:47, info: Blacklist and range_check module loaded successfully.
2024-08-20 21:21:47, info: Test routes loaded
2024-08-20 21:21:47, info: Executing (default): CREATE TABLE IF NOT EXISTS "UserMfas" ("id" UUID NOT NULL UNIQUE  REFERENCES "Users" ("id"), "userid" UUID NOT NULL UNIQUE REFERENCES "Users" ("userid"), "isMfaEnabled" BOOLEAN NOT NULL DEFAULT false REFERENCES "Users" ("isMfaEnabled"), "backupCodes" VARCHAR(255)[] DEFAULT NULL, "isEmail2faEnabled" BOOLEAN NOT NULL DEFAULT false, "isTotpl2faEnabled" BOOLEAN NOT NULL DEFAULT false, "isYubicoOtp2faEnabled" BOOLEAN NOT NULL DEFAULT false, "isU2f2faEnabled" BOOLEAN NOT NULL DEFAULT false, "isPasskeyEnabled" BOOLEAN NOT NULL DEFAULT false, "totpSecret" VARCHAR(255) DEFAULT NULL UNIQUE, "yubicoOtpPublicId" VARCHAR(255) DEFAULT NULL UNIQUE, "yubicoOtpSecretKey" VARCHAR(255) DEFAULT NULL UNIQUE, "fido2CredentialId" VARCHAR(255) DEFAULT NULL UNIQUE, "fido2PublicKey" TEXT DEFAULT NULL, "fido2Counter" INTEGER DEFAULT NULL, "fido2AttestationFormat" VARCHAR(255) DEFAULT NULL, "passkeyCredentialId" VARCHAR(255) DEFAULT NULL UNIQUE, "passkeyPublicKey" TEXT DEFAULT NULL UNIQUE, "passkeyCounter" INTEGER DEFAULT NULL, "passkeyAttestationFormat" VARCHAR(255) DEFAULT NULL, "createdAt" TIMESTAMP WITH TIME ZONE NOT NULL, "updatedAt" TIMESTAMP WITH TIME ZONE NOT NULL, PRIMARY KEY ("id"));
2024-08-20 21:21:47, info: Executing (default): SELECT i.relname AS name, ix.indisprimary AS primary, ix.indisunique AS unique, ix.indkey AS indkey, array_agg(a.attnum) as column_indexes, array_agg(a.attname) AS column_names, pg_get_indexdef(ix.indexrelid) AS definition FROM pg_class t, pg_class i, pg_index ix, pg_attribute a WHERE t.oid = ix.indrelid AND i.oid = ix.indexrelid AND a.attrelid = t.oid AND t.relkind = 'r' and t.relname = 'Users' GROUP BY i.relname, ix.indexrelid, ix.indisprimary, ix.indisunique, ix.indkey ORDER BY i.relname;
2024-08-20 21:21:47, info: Executing (default): SELECT table_name FROM information_schema.tables WHERE table_schema = 'public' AND table_name = 'UserMfas'
2024-08-20 21:21:47, info: Executing (default): CREATE TABLE IF NOT EXISTS "UserMfas" ("id" UUID NOT NULL UNIQUE  REFERENCES "Users" ("id"), "userid" UUID NOT NULL UNIQUE REFERENCES "Users" ("userid"), "isMfaEnabled" BOOLEAN NOT NULL DEFAULT false REFERENCES "Users" ("isMfaEnabled"), "backupCodes" VARCHAR(255)[] DEFAULT NULL, "isEmail2faEnabled" BOOLEAN NOT NULL DEFAULT false, "isTotpl2faEnabled" BOOLEAN NOT NULL DEFAULT false, "isYubicoOtp2faEnabled" BOOLEAN NOT NULL DEFAULT false, "isU2f2faEnabled" BOOLEAN NOT NULL DEFAULT false, "isPasskeyEnabled" BOOLEAN NOT NULL DEFAULT false, "totpSecret" VARCHAR(255) DEFAULT NULL UNIQUE, "yubicoOtpPublicId" VARCHAR(255) DEFAULT NULL UNIQUE, "yubicoOtpSecretKey" VARCHAR(255) DEFAULT NULL UNIQUE, "fido2CredentialId" VARCHAR(255) DEFAULT NULL UNIQUE, "fido2PublicKey" TEXT DEFAULT NULL, "fido2Counter" INTEGER DEFAULT NULL, "fido2AttestationFormat" VARCHAR(255) DEFAULT NULL, "passkeyCredentialId" VARCHAR(255) DEFAULT NULL UNIQUE, "passkeyPublicKey" TEXT DEFAULT NULL UNIQUE, "passkeyCounter" INTEGER DEFAULT NULL, "passkeyAttestationFormat" VARCHAR(255) DEFAULT NULL, "createdAt" TIMESTAMP WITH TIME ZONE NOT NULL, "updatedAt" TIMESTAMP WITH TIME ZONE NOT NULL, PRIMARY KEY ("id"));
2024-08-20 21:26:29, info: Executing (default): SELECT 1+1 AS result
2024-08-20 21:26:29, info: Executing (default): SELECT 1+1 AS result
2024-08-20 21:26:29, info: Connection has been established successfully.
2024-08-20 21:26:29, info: Executing (default): SELECT 1+1 AS result
2024-08-20 21:26:29, info: Connection has been established successfully.
2024-08-20 21:26:29, info: Executing (default): SELECT table_name FROM information_schema.tables WHERE table_schema = 'public' AND table_name = 'Users'
2024-08-20 21:26:29, info: Connection has been established successfully.
2024-08-20 21:26:29, info: Executing (default): SELECT i.relname AS name, ix.indisprimary AS primary, ix.indisunique AS unique, ix.indkey AS indkey, array_agg(a.attnum) as column_indexes, array_agg(a.attname) AS column_names, pg_get_indexdef(ix.indexrelid) AS definition FROM pg_class t, pg_class i, pg_index ix, pg_attribute a WHERE t.oid = ix.indrelid AND i.oid = ix.indexrelid AND a.attrelid = t.oid AND t.relkind = 'r' and t.relname = 'Users' GROUP BY i.relname, ix.indexrelid, ix.indisprimary, ix.indisunique, ix.indkey ORDER BY i.relname;
2024-08-20 21:26:29, info: Executing (default): SELECT table_name FROM information_schema.tables WHERE table_schema = 'public' AND table_name = 'UserMfas'
2024-08-20 21:26:29, info: Executing (default): SELECT table_name FROM information_schema.tables WHERE table_schema = 'public' AND table_name = 'Users'
2024-08-20 21:26:29, info: Blacklist and range_check module loaded successfully.
2024-08-20 21:26:29, info: Test routes loaded
2024-08-20 21:26:29, info: Executing (default): CREATE TABLE IF NOT EXISTS "UserMfas" ("id" UUID NOT NULL UNIQUE  REFERENCES "Users" ("id"), "userid" UUID NOT NULL UNIQUE REFERENCES "Users" ("userid"), "isMfaEnabled" BOOLEAN NOT NULL DEFAULT false REFERENCES "Users" ("isMfaEnabled"), "backupCodes" VARCHAR(255)[] DEFAULT NULL, "isEmail2faEnabled" BOOLEAN NOT NULL DEFAULT false, "isTotpl2faEnabled" BOOLEAN NOT NULL DEFAULT false, "isYubicoOtp2faEnabled" BOOLEAN NOT NULL DEFAULT false, "isU2f2faEnabled" BOOLEAN NOT NULL DEFAULT false, "isPasskeyEnabled" BOOLEAN NOT NULL DEFAULT false, "totpSecret" VARCHAR(255) DEFAULT NULL UNIQUE, "yubicoOtpPublicId" VARCHAR(255) DEFAULT NULL UNIQUE, "yubicoOtpSecretKey" VARCHAR(255) DEFAULT NULL UNIQUE, "fido2CredentialId" VARCHAR(255) DEFAULT NULL UNIQUE, "fido2PublicKey" TEXT DEFAULT NULL, "fido2Counter" INTEGER DEFAULT NULL, "fido2AttestationFormat" VARCHAR(255) DEFAULT NULL, "passkeyCredentialId" VARCHAR(255) DEFAULT NULL UNIQUE, "passkeyPublicKey" TEXT DEFAULT NULL UNIQUE, "passkeyCounter" INTEGER DEFAULT NULL, "passkeyAttestationFormat" VARCHAR(255) DEFAULT NULL, "createdAt" TIMESTAMP WITH TIME ZONE NOT NULL, "updatedAt" TIMESTAMP WITH TIME ZONE NOT NULL, PRIMARY KEY ("id"));
2024-08-20 21:26:29, info: Executing (default): SELECT i.relname AS name, ix.indisprimary AS primary, ix.indisunique AS unique, ix.indkey AS indkey, array_agg(a.attnum) as column_indexes, array_agg(a.attname) AS column_names, pg_get_indexdef(ix.indexrelid) AS definition FROM pg_class t, pg_class i, pg_index ix, pg_attribute a WHERE t.oid = ix.indrelid AND i.oid = ix.indexrelid AND a.attrelid = t.oid AND t.relkind = 'r' and t.relname = 'Users' GROUP BY i.relname, ix.indexrelid, ix.indisprimary, ix.indisunique, ix.indkey ORDER BY i.relname;
2024-08-20 21:26:29, info: Executing (default): SELECT table_name FROM information_schema.tables WHERE table_schema = 'public' AND table_name = 'UserMfas'
2024-08-20 21:26:29, info: Executing (default): CREATE TABLE IF NOT EXISTS "UserMfas" ("id" UUID NOT NULL UNIQUE  REFERENCES "Users" ("id"), "userid" UUID NOT NULL UNIQUE REFERENCES "Users" ("userid"), "isMfaEnabled" BOOLEAN NOT NULL DEFAULT false REFERENCES "Users" ("isMfaEnabled"), "backupCodes" VARCHAR(255)[] DEFAULT NULL, "isEmail2faEnabled" BOOLEAN NOT NULL DEFAULT false, "isTotpl2faEnabled" BOOLEAN NOT NULL DEFAULT false, "isYubicoOtp2faEnabled" BOOLEAN NOT NULL DEFAULT false, "isU2f2faEnabled" BOOLEAN NOT NULL DEFAULT false, "isPasskeyEnabled" BOOLEAN NOT NULL DEFAULT false, "totpSecret" VARCHAR(255) DEFAULT NULL UNIQUE, "yubicoOtpPublicId" VARCHAR(255) DEFAULT NULL UNIQUE, "yubicoOtpSecretKey" VARCHAR(255) DEFAULT NULL UNIQUE, "fido2CredentialId" VARCHAR(255) DEFAULT NULL UNIQUE, "fido2PublicKey" TEXT DEFAULT NULL, "fido2Counter" INTEGER DEFAULT NULL, "fido2AttestationFormat" VARCHAR(255) DEFAULT NULL, "passkeyCredentialId" VARCHAR(255) DEFAULT NULL UNIQUE, "passkeyPublicKey" TEXT DEFAULT NULL UNIQUE, "passkeyCounter" INTEGER DEFAULT NULL, "passkeyAttestationFormat" VARCHAR(255) DEFAULT NULL, "createdAt" TIMESTAMP WITH TIME ZONE NOT NULL, "updatedAt" TIMESTAMP WITH TIME ZONE NOT NULL, PRIMARY KEY ("id"));
2024-08-20 21:34:51, info: Executing (default): SELECT 1+1 AS result
2024-08-20 21:34:51, info: Connection has been established successfully.
2024-08-20 21:34:51, info: Executing (default): SELECT 1+1 AS result
2024-08-20 21:34:51, info: Connection has been established successfully.
2024-08-20 21:34:51, info: Executing (default): SELECT 1+1 AS result
2024-08-20 21:34:51, info: Connection has been established successfully.
2024-08-20 21:34:51, info: Executing (default): SELECT table_name FROM information_schema.tables WHERE table_schema = 'public' AND table_name = 'Users'
2024-08-20 21:34:51, info: Executing (default): SELECT i.relname AS name, ix.indisprimary AS primary, ix.indisunique AS unique, ix.indkey AS indkey, array_agg(a.attnum) as column_indexes, array_agg(a.attname) AS column_names, pg_get_indexdef(ix.indexrelid) AS definition FROM pg_class t, pg_class i, pg_index ix, pg_attribute a WHERE t.oid = ix.indrelid AND i.oid = ix.indexrelid AND a.attrelid = t.oid AND t.relkind = 'r' and t.relname = 'Users' GROUP BY i.relname, ix.indexrelid, ix.indisprimary, ix.indisunique, ix.indkey ORDER BY i.relname;
2024-08-20 21:34:51, info: Executing (default): SELECT table_name FROM information_schema.tables WHERE table_schema = 'public' AND table_name = 'UserMfas'
2024-08-20 21:34:51, info: Executing (default): SELECT table_name FROM information_schema.tables WHERE table_schema = 'public' AND table_name = 'Users'
2024-08-20 21:34:51, info: Blacklist and range_check module loaded successfully.
2024-08-20 21:34:51, info: Test routes loaded
2024-08-20 21:34:51, info: Executing (default): CREATE TABLE IF NOT EXISTS "UserMfas" ("id" UUID NOT NULL UNIQUE  REFERENCES "Users" ("id"), "userid" UUID NOT NULL UNIQUE REFERENCES "Users" ("userid"), "isMfaEnabled" BOOLEAN NOT NULL DEFAULT false REFERENCES "Users" ("isMfaEnabled"), "backupCodes" VARCHAR(255)[] DEFAULT NULL, "isEmail2faEnabled" BOOLEAN NOT NULL DEFAULT false, "isTotpl2faEnabled" BOOLEAN NOT NULL DEFAULT false, "isYubicoOtp2faEnabled" BOOLEAN NOT NULL DEFAULT false, "isU2f2faEnabled" BOOLEAN NOT NULL DEFAULT false, "isPasskeyEnabled" BOOLEAN NOT NULL DEFAULT false, "totpSecret" VARCHAR(255) DEFAULT NULL UNIQUE, "yubicoOtpPublicId" VARCHAR(255) DEFAULT NULL UNIQUE, "yubicoOtpSecretKey" VARCHAR(255) DEFAULT NULL UNIQUE, "fido2CredentialId" VARCHAR(255) DEFAULT NULL UNIQUE, "fido2PublicKey" TEXT DEFAULT NULL, "fido2Counter" INTEGER DEFAULT NULL, "fido2AttestationFormat" VARCHAR(255) DEFAULT NULL, "passkeyCredentialId" VARCHAR(255) DEFAULT NULL UNIQUE, "passkeyPublicKey" TEXT DEFAULT NULL UNIQUE, "passkeyCounter" INTEGER DEFAULT NULL, "passkeyAttestationFormat" VARCHAR(255) DEFAULT NULL, "createdAt" TIMESTAMP WITH TIME ZONE NOT NULL, "updatedAt" TIMESTAMP WITH TIME ZONE NOT NULL, PRIMARY KEY ("id"));
2024-08-20 21:34:51, info: Executing (default): SELECT i.relname AS name, ix.indisprimary AS primary, ix.indisunique AS unique, ix.indkey AS indkey, array_agg(a.attnum) as column_indexes, array_agg(a.attname) AS column_names, pg_get_indexdef(ix.indexrelid) AS definition FROM pg_class t, pg_class i, pg_index ix, pg_attribute a WHERE t.oid = ix.indrelid AND i.oid = ix.indexrelid AND a.attrelid = t.oid AND t.relkind = 'r' and t.relname = 'Users' GROUP BY i.relname, ix.indexrelid, ix.indisprimary, ix.indisunique, ix.indkey ORDER BY i.relname;
2024-08-20 21:34:51, info: Executing (default): SELECT table_name FROM information_schema.tables WHERE table_schema = 'public' AND table_name = 'UserMfas'
